<?xml version="1.0" encoding="UTF-8"?>
<!-- Generated by org.testng.reporters.JUnitReportReporter -->
<testsuite hostname="SL30" failures="0" tests="4" name="Runners.ArticleRunner" time="8.496" errors="0" timestamp="2026-03-06T19:08:25 IST" skipped="0">
  <testcase classname="Runners.ArticleRunner" name="runScenario" time="0.754"/>
  <testcase classname="Runners.ArticleRunner" name="runScenario" time="1.809"/>
  <testcase classname="Runners.ArticleRunner" name="runScenario" time="2.270"/>
  <testcase classname="Runners.ArticleRunner" name="runScenario" time="3.663"/>
</testsuite> <!-- Runners.ArticleRunner -->
